[15:35:26] [main/INFO]: Setting user: KitsuneJP
[15:35:28] [Client thread/INFO]: LWJGL Version: 2.9.1
[15:35:42] [Client thread/INFO]: Reloading ResourceManager: Default, FMLFileResourcePack:Forge Mod Loader, FMLFileResourcePack:Minecraft Forge, FMLFileResourcePack:Digimon Crafters
[15:35:52] [Sound Library Loader/INFO]: Sound engine started
[15:36:28] [Client thread/INFO]: Created: 512x256 textures/blocks-atlas
[15:36:28] [Client thread/INFO]: Created: 512x256 textures/items-atlas
[15:36:28] [Client thread/INFO]: Reloading ResourceManager: Default, FMLFileResourcePack:Forge Mod Loader, FMLFileResourcePack:Minecraft Forge, FMLFileResourcePack:Digimon Crafters
[15:36:28] [Client thread/INFO]: Created: 512x256 textures/blocks-atlas
[15:36:29] [Client thread/INFO]: Created: 512x256 textures/items-atlas
[15:36:29] [Sound Library Loader/INFO]: Sound engine started
[15:36:58] [Server thread/INFO]: Starting integrated minecraft server version 1.7.10
[15:36:58] [Server thread/INFO]: Generating keypair
[15:37:00] [Server thread/INFO]: Preparing start region for level 0
[15:37:02] [Server thread/INFO]: Preparing spawn area: 0%
[15:37:03] [Server thread/INFO]: Preparing spawn area: 9%
[15:37:04] [Server thread/INFO]: Preparing spawn area: 48%
[15:37:08] [Server thread/INFO]: Changing view distance to 8, from 10
[15:37:08] [Server thread/WARN]: Can't keep up! Did the system time change, or is the server overloaded? Running 3324ms behind, skipping 66 tick(s)
[15:37:13] [Server thread/INFO]: KitsuneJP[local:E:319e31ee] logged in with entity id 362 at (-126.44548127840413, 65.0, 248.562132282633)
[15:37:14] [Server thread/INFO]: KitsuneJP joined the game
[15:37:20] [Server thread/INFO]: Saving and pausing game...
[15:37:20] [Server thread/INFO]: Saving chunks for level 'Test'/Overworld
[15:37:21] [Server thread/INFO]: Saving chunks for level 'Test'/Nether
[15:37:21] [Server thread/INFO]: Saving chunks for level 'Test'/The End
[15:42:14] [Server thread/WARN]: Can't keep up! Did the system time change, or is the server overloaded? Running 16736ms behind, skipping 334 tick(s)
[15:43:15] [Server thread/WARN]: Can't keep up! Did the system time change, or is the server overloaded? Running 17369ms behind, skipping 347 tick(s)
[15:43:20] [Server thread/WARN]: Can't keep up! Did the system time change, or is the server overloaded? Running 5039ms behind, skipping 100 tick(s)
[15:43:33] [Server thread/WARN]: Can't keep up! Did the system time change, or is the server overloaded? Running 2134ms behind, skipping 42 tick(s)
[15:44:00] [Server thread/INFO]: Saving and pausing game...
[15:44:00] [Server thread/INFO]: Saving chunks for level 'Test'/Overworld
[15:44:00] [Server thread/INFO]: Saving chunks for level 'Test'/Nether
[15:44:00] [Server thread/INFO]: Saving chunks for level 'Test'/The End
[15:44:01] [Server thread/WARN]: Can't keep up! Did the system time change, or is the server overloaded? Running 13079ms behind, skipping 261 tick(s)
[15:44:15] [Server thread/WARN]: Can't keep up! Did the system time change, or is the server overloaded? Running 8533ms behind, skipping 170 tick(s)
[15:44:30] [Client thread/WARN]: Unable to play unknown soundEvent: minecraft:step.anvil
[15:44:32] [Client thread/WARN]: Unable to play unknown soundEvent: minecraft:step.anvil
[15:44:42] [Client thread/WARN]: Unable to play unknown soundEvent: minecraft:step.anvil
[15:44:42] [Client thread/WARN]: Unable to play unknown soundEvent: minecraft:step.anvil
[15:44:43] [Client thread/WARN]: Unable to play unknown soundEvent: minecraft:step.anvil
[15:44:44] [Client thread/WARN]: Unable to play unknown soundEvent: minecraft:step.anvil
[15:44:49] [Client thread/WARN]: Unable to play unknown soundEvent: minecraft:step.anvil
[15:44:51] [Client thread/WARN]: Unable to play unknown soundEvent: minecraft:step.anvil
[15:44:53] [Client thread/WARN]: Unable to play unknown soundEvent: minecraft:step.anvil
[15:45:01] [Server thread/WARN]: Can't keep up! Did the system time change, or is the server overloaded? Running 2346ms behind, skipping 46 tick(s)
[15:45:10] [Server thread/INFO]: [KitsuneJP: Toggled downfall]
[15:45:10] [Client thread/INFO]: [CHAT] Toggled downfall
[15:45:13] [Client thread/WARN]: Unable to play unknown soundEvent: minecraft:step.anvil
[15:45:13] [Client thread/WARN]: Unable to play unknown soundEvent: minecraft:step.anvil
[15:45:18] [Client thread/WARN]: Unable to play unknown soundEvent: minecraft:step.anvil
[15:45:20] [Client thread/WARN]: Unable to play unknown soundEvent: minecraft:step.anvil
[15:45:21] [Client thread/WARN]: Unable to play unknown soundEvent: minecraft:step.anvil
[15:45:31] [Client thread/WARN]: Unable to play unknown soundEvent: minecraft:step.anvil
[15:45:35] [Client thread/WARN]: Unable to play unknown soundEvent: minecraft:step.anvil
[15:45:39] [Server thread/INFO]: Saving and pausing game...
[15:45:39] [Server thread/INFO]: Saving chunks for level 'Test'/Overworld
[15:45:39] [Server thread/INFO]: Saving chunks for level 'Test'/Nether
[15:45:39] [Server thread/INFO]: Saving chunks for level 'Test'/The End
[15:45:43] [Server thread/INFO]: Stopping server
[15:45:43] [Server thread/INFO]: Saving players
[15:45:44] [Server thread/INFO]: Saving worlds
[15:45:44] [Server thread/INFO]: Saving chunks for level 'Test'/Overworld
[15:45:44] [Server thread/INFO]: Saving chunks for level 'Test'/Nether
[15:45:44] [Server thread/INFO]: Saving chunks for level 'Test'/The End
[15:46:22] [Client thread/INFO]: Stopping!
